{
  "stats": {
    "suites": 2,
    "tests": 1,
    "passes": 0,
    "pending": 0,
    "failures": 1,
    "start": "2025-12-21T16:30:23.191Z",
    "end": "2025-12-21T16:30:55.803Z",
    "duration": 32612,
    "testsRegistered": 15,
    "passPercent": 0,
    "pendingPercent": 0,
    "other": 0,
    "hasOther": false,
    "skipped": 14,
    "hasSkipped": true
  },
  "results": [
    {
      "uuid": "1063fb44-0253-4636-ad20-1741d6711fba",
      "title": "",
      "fullFile": "cypress/e2e/athlete-training-zones.cy.ts",
      "file": "cypress/e2e/athlete-training-zones.cy.ts",
      "beforeHooks": [],
      "afterHooks": [],
      "tests": [],
      "suites": [
        {
          "uuid": "43e17419-16ce-4f52-b2f3-075f0b4e39e5",
          "title": "Athlete Training Zones",
          "fullFile": "",
          "file": "",
          "beforeHooks": [],
          "afterHooks": [],
          "tests": [],
          "suites": [
            {
              "uuid": "d879d6b7-4327-43a6-89d6-b0afe3d35707",
              "title": "Training Zones on Athlete Stats Page",
              "fullFile": "",
              "file": "",
              "beforeHooks": [],
              "afterHooks": [],
              "tests": [
                {
                  "title": "should navigate to athlete stats page from coach view",
                  "fullTitle": "Athlete Training Zones Training Zones on Athlete Stats Page should navigate to athlete stats page from coach view",
                  "timedOut": null,
                  "duration": 731,
                  "state": "failed",
                  "speed": null,
                  "pass": false,
                  "fail": true,
                  "pending": false,
                  "context": null,
                  "code": "// Look for athlete card and click to view stats\ncy.get('[data-testid=\"athlete-card\"]').first().then(function ($card) {\n    if ($card.length > 0) {\n        // Click on stats link/button\n        cy.wrap($card).find('a, button').filter(':contains(\"Stats\"), :contains(\"Statistiche\")').then(function ($statsBtn) {\n            if ($statsBtn.length > 0) {\n                cy.wrap($statsBtn).first().click({ force: true });\n                cy.wait(500);\n                // Verify navigation to stats page\n                cy.url().should('include', '/stats');\n            }\n        });\n    }\n});",
                  "err": {
                    "message": "CypressError: `cy.visit()` failed trying to load:\n\nhttp://localhost:5173/\n\nWe attempted to make an http request to this URL but the request failed without a response.\n\nWe received this error at the network level:\n\n  > Error: connect ECONNREFUSED ::1:5173\n\nCommon situations why this would fail:\n  - you don't have internet access\n  - you forgot to run / boot your web server\n  - your web server isn't accessible\n  - you have weird network configuration settings on your computer\n\nThis error occurred while creating the session. Because the session setup failed, we failed the test.\n\nBecause this error occurred during a `before each` hook we are skipping all of the remaining tests.",
                    "estack": "CypressError: `cy.visit()` failed trying to load:\n\nhttp://localhost:5173/\n\nWe attempted to make an http request to this URL but the request failed without a response.\n\nWe received this error at the network level:\n\n    at <unknown> (  > Error: connect ECONNREFUSED ::1:5173)\n\nCommon situations why this would fail:\n- you don't have internet access\n- you forgot to run / boot your web server\n- your web server isn't accessible\n- you have weird network configuration settings on your computer\n\nThis error occurred while creating the session. Because the session setup failed, we failed the test.\n    at <unknown> (http://localhost:5173/__cypress/runner/cypress_runner.js:134642:74)\n    at visitFailedByErr (http://localhost:5173/__cypress/runner/cypress_runner.js:134216:12)\n    at <unknown> (http://localhost:5173/__cypress/runner/cypress_runner.js:134641:11)\n    at tryCatcher (http://localhost:5173/__cypress/runner/cypress_runner.js:1777:23)\n    at Promise._settlePromiseFromHandler (http://localhost:5173/__cypress/runner/cypress_runner.js:1489:31)\n    at Promise._settlePromise (http://localhost:5173/__cypress/runner/cypress_runner.js:1546:18)\n    at Promise._settlePromise0 (http://localhost:5173/__cypress/runner/cypress_runner.js:1591:10)\n    at Promise._settlePromises (http://localhost:5173/__cypress/runner/cypress_runner.js:1667:18)\n    at _drainQueueStep (http://localhost:5173/__cypress/runner/cypress_runner.js:2377:12)\n    at _drainQueue (http://localhost:5173/__cypress/runner/cypress_runner.js:2370:9)\n    at Async._drainQueues (http://localhost:5173/__cypress/runner/cypress_runner.js:2386:5)\n    at Async.drainQueues (http://localhost:5173/__cypress/runner/cypress_runner.js:2256:14)\nFrom Your Spec Code:\n    at cy.session.validate [as setup] (webpack://ridepro-fe/./cypress/support/e2e.ts:38:9)\n    at Context.<anonymous> (http://localhost:5173/__cypress/runner/cypress_runner.js:136153:38)\n    at getRet (http://localhost:5173/__cypress/runner/cypress_runner.js:122460:20)\n    at tryCatcher (http://localhost:5173/__cypress/runner/cypress_runner.js:1777:23)\n    at Promise.attempt.Promise.try (http://localhost:5173/__cypress/runner/cypress_runner.js:4285:29)\n    at Context.thenFn (http://localhost:5173/__cypress/runner/cypress_runner.js:122471:66)\n    at Context.then (http://localhost:5173/__cypress/runner/cypress_runner.js:122722:21)\n    at wrapped (http://localhost:5173/__cypress/runner/cypress_runner.js:145818:19)\n\nFrom Node.js Internals:\n    at <unknown> (      Error: connect ECONNREFUSED ::1:5173)\n    at TCPConnectWrap.afterConnect [as oncomplete] (node:net:1637:16)",
                    "diff": null
                  },
                  "uuid": "8d8a899c-9131-485c-8633-aa1ac0e4c585",
                  "parentUUID": "d879d6b7-4327-43a6-89d6-b0afe3d35707",
                  "isHook": false,
                  "skipped": false
                },
                {
                  "title": "should display Training Zones section title",
                  "fullTitle": "Athlete Training Zones Training Zones on Athlete Stats Page should display Training Zones section title",
                  "timedOut": null,
                  "duration": 0,
                  "state": "skipped",
                  "speed": null,
                  "pass": false,
                  "fail": false,
                  "pending": false,
                  "context": null,
                  "code": "// Navigate to a known athlete stats page\ncy.get('[data-testid=\"athlete-card\"]').first().then(function ($card) {\n    if ($card.length > 0) {\n        cy.wrap($card).find('a, button').filter(':contains(\"Stats\"), :contains(\"Statistiche\")').first().click({ force: true });\n        cy.wait(500);\n        cy.url().then(function (url) {\n            if (url.includes('/stats')) {\n                // Check for Training Zones section\n                cy.contains(/training zones|zone di allenamento/i).should('exist');\n            }\n        });\n    }\n});",
                  "err": {},
                  "uuid": "2c44cedf-d47c-4690-9158-76721551f3cb",
                  "parentUUID": "d879d6b7-4327-43a6-89d6-b0afe3d35707",
                  "isHook": false,
                  "skipped": true
                },
                {
                  "title": "should display Power Zones section",
                  "fullTitle": "Athlete Training Zones Training Zones on Athlete Stats Page should display Power Zones section",
                  "timedOut": null,
                  "duration": 0,
                  "state": "skipped",
                  "speed": null,
                  "pass": false,
                  "fail": false,
                  "pending": false,
                  "context": null,
                  "code": "cy.get('[data-testid=\"athlete-card\"]').first().then(function ($card) {\n    if ($card.length > 0) {\n        cy.wrap($card).find('a, button').filter(':contains(\"Stats\"), :contains(\"Statistiche\")').first().click({ force: true });\n        cy.wait(500);\n        cy.url().then(function (url) {\n            if (url.includes('/stats')) {\n                // Check for Power Zones heading\n                cy.contains(/power zones|zone potenza/i).should('exist');\n            }\n        });\n    }\n});",
                  "err": {},
                  "uuid": "f548f475-a218-4b82-a750-6a63308e9b2e",
                  "parentUUID": "d879d6b7-4327-43a6-89d6-b0afe3d35707",
                  "isHook": false,
                  "skipped": true
                },
                {
                  "title": "should display HR Zones section",
                  "fullTitle": "Athlete Training Zones Training Zones on Athlete Stats Page should display HR Zones section",
                  "timedOut": null,
                  "duration": 0,
                  "state": "skipped",
                  "speed": null,
                  "pass": false,
                  "fail": false,
                  "pending": false,
                  "context": null,
                  "code": "cy.get('[data-testid=\"athlete-card\"]').first().then(function ($card) {\n    if ($card.length > 0) {\n        cy.wrap($card).find('a, button').filter(':contains(\"Stats\"), :contains(\"Statistiche\")').first().click({ force: true });\n        cy.wait(500);\n        cy.url().then(function (url) {\n            if (url.includes('/stats')) {\n                // Check for HR Zones heading\n                cy.contains(/hr zones|zone fc|heart rate/i).should('exist');\n            }\n        });\n    }\n});",
                  "err": {},
                  "uuid": "5506d8c9-6375-4a1b-a09d-876d0cf92ebc",
                  "parentUUID": "d879d6b7-4327-43a6-89d6-b0afe3d35707",
                  "isHook": false,
                  "skipped": true
                },
                {
                  "title": "should show FTP badge if athlete has FTP",
                  "fullTitle": "Athlete Training Zones Training Zones on Athlete Stats Page should show FTP badge if athlete has FTP",
                  "timedOut": null,
                  "duration": 0,
                  "state": "skipped",
                  "speed": null,
                  "pass": false,
                  "fail": false,
                  "pending": false,
                  "context": null,
                  "code": "cy.get('[data-testid=\"athlete-card\"]').first().then(function ($card) {\n    if ($card.length > 0) {\n        cy.wrap($card).find('a, button').filter(':contains(\"Stats\"), :contains(\"Statistiche\")').first().click({ force: true });\n        cy.wait(500);\n        cy.url().then(function (url) {\n            if (url.includes('/stats')) {\n                cy.get('body').then(function ($body) {\n                    // Check for FTP badge or \"no FTP\" message\n                    var hasFTPBadge = $body.text().match(/FTP:\\s*\\d+\\s*W/i);\n                    var hasNoFTPMessage = $body.text().match(/no ftp data|nessun dato ftp/i);\n                    expect(hasFTPBadge || hasNoFTPMessage).to.exist;\n                });\n            }\n        });\n    }\n});",
                  "err": {},
                  "uuid": "173f5079-54e3-420b-95f7-553428203dff",
                  "parentUUID": "d879d6b7-4327-43a6-89d6-b0afe3d35707",
                  "isHook": false,
                  "skipped": true
                },
                {
                  "title": "should show Max HR badge if athlete has Max HR",
                  "fullTitle": "Athlete Training Zones Training Zones on Athlete Stats Page should show Max HR badge if athlete has Max HR",
                  "timedOut": null,
                  "duration": 0,
                  "state": "skipped",
                  "speed": null,
                  "pass": false,
                  "fail": false,
                  "pending": false,
                  "context": null,
                  "code": "cy.get('[data-testid=\"athlete-card\"]').first().then(function ($card) {\n    if ($card.length > 0) {\n        cy.wrap($card).find('a, button').filter(':contains(\"Stats\"), :contains(\"Statistiche\")').first().click({ force: true });\n        cy.wait(500);\n        cy.url().then(function (url) {\n            if (url.includes('/stats')) {\n                cy.get('body').then(function ($body) {\n                    // Check for Max HR badge or \"no Max HR\" message\n                    var hasMaxHRBadge = $body.text().match(/max hr:\\s*\\d+\\s*bpm/i);\n                    var hasNoMaxHRMessage = $body.text().match(/no max hr data|nessun dato fc max/i);\n                    expect(hasMaxHRBadge || hasNoMaxHRMessage).to.exist;\n                });\n            }\n        });\n    }\n});",
                  "err": {},
                  "uuid": "e456db04-71f7-4d7d-9512-3260bbe58037",
                  "parentUUID": "d879d6b7-4327-43a6-89d6-b0afe3d35707",
                  "isHook": false,
                  "skipped": true
                }
              ],
              "suites": [],
              "passes": [],
              "failures": [
                "8d8a899c-9131-485c-8633-aa1ac0e4c585"
              ],
              "pending": [],
              "skipped": [
                "2c44cedf-d47c-4690-9158-76721551f3cb",
                "f548f475-a218-4b82-a750-6a63308e9b2e",
                "5506d8c9-6375-4a1b-a09d-876d0cf92ebc",
                "173f5079-54e3-420b-95f7-553428203dff",
                "e456db04-71f7-4d7d-9512-3260bbe58037"
              ],
              "duration": 731,
              "root": false,
              "rootEmpty": false,
              "_timeout": 2000
            },
            {
              "uuid": "31e44feb-eabf-4952-bb3f-c860be9e6e69",
              "title": "Power Zones Table Content",
              "fullFile": "",
              "file": "",
              "beforeHooks": [],
              "afterHooks": [],
              "tests": [
                {
                  "title": "should display zone names in Power Zones table",
                  "fullTitle": "Athlete Training Zones Power Zones Table Content should display zone names in Power Zones table",
                  "timedOut": null,
                  "duration": 0,
                  "state": "skipped",
                  "speed": null,
                  "pass": false,
                  "fail": false,
                  "pending": false,
                  "context": null,
                  "code": "cy.get('[data-testid=\"athlete-card\"]').first().then(function ($card) {\n    if ($card.length > 0) {\n        cy.wrap($card).find('a, button').filter(':contains(\"Stats\"), :contains(\"Statistiche\")').first().click({ force: true });\n        cy.wait(500);\n        cy.url().then(function (url) {\n            if (url.includes('/stats')) {\n                cy.get('body').then(function ($body) {\n                    // Check for zone names (Italian or English)\n                    var hasRecupero = $body.text().match(/recupero|recovery/i);\n                    var hasResistenza = $body.text().match(/resistenza|endurance/i);\n                    var hasTempo = $body.text().match(/tempo|medio/i);\n                    var hasSoglia = $body.text().match(/soglia|threshold/i);\n                    var hasVO2 = $body.text().match(/vo2max/i);\n                    // At least one zone name should be present, or \"no FTP\" message\n                    var hasNoFTP = $body.text().match(/no ftp|complete an assessment/i);\n                    expect(hasRecupero || hasResistenza || hasTempo || hasSoglia || hasVO2 || hasNoFTP).to.exist;\n                });\n            }\n        });\n    }\n});",
                  "err": {},
                  "uuid": "ce9f7146-8488-4460-9476-f577e0bf9927",
                  "parentUUID": null,
                  "isHook": false,
                  "skipped": true
                },
                {
                  "title": "should display 6 Power zones (Z1-Z6) if FTP is set",
                  "fullTitle": "Athlete Training Zones Power Zones Table Content should display 6 Power zones (Z1-Z6) if FTP is set",
                  "timedOut": null,
                  "duration": 0,
                  "state": "skipped",
                  "speed": null,
                  "pass": false,
                  "fail": false,
                  "pending": false,
                  "context": null,
                  "code": "cy.get('[data-testid=\"athlete-card\"]').first().then(function ($card) {\n    if ($card.length > 0) {\n        cy.wrap($card).find('a, button').filter(':contains(\"Stats\"), :contains(\"Statistiche\")').first().click({ force: true });\n        cy.wait(500);\n        cy.url().then(function (url) {\n            if (url.includes('/stats')) {\n                cy.get('body').then(function ($body) {\n                    var hasFTP = $body.text().match(/FTP:\\s*\\d+\\s*W/i);\n                    if (hasFTP) {\n                        // If FTP is set, should have zone badges\n                        cy.contains(/Z1|Z2|Z3|Z4|Z5|Z6/i).should('exist');\n                    }\n                });\n            }\n        });\n    }\n});",
                  "err": {},
                  "uuid": "d8d9233b-9461-405e-8135-3d6cb22ceb12",
                  "parentUUID": null,
                  "isHook": false,
                  "skipped": true
                }
              ],
              "suites": [],
              "passes": [],
              "failures": [],
              "pending": [],
              "skipped": [
                "ce9f7146-8488-4460-9476-f577e0bf9927",
                "d8d9233b-9461-405e-8135-3d6cb22ceb12"
              ],
              "duration": 0,
              "root": false,
              "rootEmpty": false,
              "_timeout": 2000
            },
            {
              "uuid": "9164ba81-968f-4cec-84fa-8b5f84434db4",
              "title": "HR Zones Table Content",
              "fullFile": "",
              "file": "",
              "beforeHooks": [],
              "afterHooks": [],
              "tests": [
                {
                  "title": "should display 5 HR zones (Z1-Z5) if Max HR is set",
                  "fullTitle": "Athlete Training Zones HR Zones Table Content should display 5 HR zones (Z1-Z5) if Max HR is set",
                  "timedOut": null,
                  "duration": 0,
                  "state": "skipped",
                  "speed": null,
                  "pass": false,
                  "fail": false,
                  "pending": false,
                  "context": null,
                  "code": "cy.get('[data-testid=\"athlete-card\"]').first().then(function ($card) {\n    if ($card.length > 0) {\n        cy.wrap($card).find('a, button').filter(':contains(\"Stats\"), :contains(\"Statistiche\")').first().click({ force: true });\n        cy.wait(500);\n        cy.url().then(function (url) {\n            if (url.includes('/stats')) {\n                cy.get('body').then(function ($body) {\n                    var hasMaxHR = $body.text().match(/max hr:\\s*\\d+\\s*bpm/i);\n                    if (hasMaxHR) {\n                        // If Max HR is set, should have zone badges\n                        cy.contains(/Z1|Z2|Z3|Z4|Z5/i).should('exist');\n                    }\n                });\n            }\n        });\n    }\n});",
                  "err": {},
                  "uuid": "9618d16a-97ca-40bb-a2c5-21fc1641173d",
                  "parentUUID": null,
                  "isHook": false,
                  "skipped": true
                },
                {
                  "title": "should show BPM ranges in HR zones table",
                  "fullTitle": "Athlete Training Zones HR Zones Table Content should show BPM ranges in HR zones table",
                  "timedOut": null,
                  "duration": 0,
                  "state": "skipped",
                  "speed": null,
                  "pass": false,
                  "fail": false,
                  "pending": false,
                  "context": null,
                  "code": "cy.get('[data-testid=\"athlete-card\"]').first().then(function ($card) {\n    if ($card.length > 0) {\n        cy.wrap($card).find('a, button').filter(':contains(\"Stats\"), :contains(\"Statistiche\")').first().click({ force: true });\n        cy.wait(500);\n        cy.url().then(function (url) {\n            if (url.includes('/stats')) {\n                cy.get('body').then(function ($body) {\n                    var hasMaxHR = $body.text().match(/max hr:\\s*\\d+\\s*bpm/i);\n                    if (hasMaxHR) {\n                        // Should show BPM values or ranges\n                        var hasBPMValues = $body.text().match(/\\d+-\\d+/);\n                        expect(hasBPMValues).to.exist;\n                    }\n                });\n            }\n        });\n    }\n});",
                  "err": {},
                  "uuid": "6b67c971-ff71-4f5b-b051-5bda6e05bf2f",
                  "parentUUID": null,
                  "isHook": false,
                  "skipped": true
                }
              ],
              "suites": [],
              "passes": [],
              "failures": [],
              "pending": [],
              "skipped": [
                "9618d16a-97ca-40bb-a2c5-21fc1641173d",
                "6b67c971-ff71-4f5b-b051-5bda6e05bf2f"
              ],
              "duration": 0,
              "root": false,
              "rootEmpty": false,
              "_timeout": 2000
            },
            {
              "uuid": "310076fd-28e8-4994-92db-97ab7b95b7a0",
              "title": "Empty States",
              "fullFile": "",
              "file": "",
              "beforeHooks": [],
              "afterHooks": [],
              "tests": [
                {
                  "title": "should show message when no FTP data available",
                  "fullTitle": "Athlete Training Zones Empty States should show message when no FTP data available",
                  "timedOut": null,
                  "duration": 0,
                  "state": "skipped",
                  "speed": null,
                  "pass": false,
                  "fail": false,
                  "pending": false,
                  "context": null,
                  "code": "cy.get('[data-testid=\"athlete-card\"]').first().then(function ($card) {\n    if ($card.length > 0) {\n        cy.wrap($card).find('a, button').filter(':contains(\"Stats\"), :contains(\"Statistiche\")').first().click({ force: true });\n        cy.wait(500);\n        cy.url().then(function (url) {\n            if (url.includes('/stats')) {\n                cy.get('body').then(function ($body) {\n                    var hasFTP = $body.text().match(/FTP:\\s*\\d+\\s*W/i);\n                    if (!hasFTP) {\n                        // Should show empty state message\n                        cy.contains(/no ftp|complete an assessment|nessun dato/i).should('exist');\n                    }\n                });\n            }\n        });\n    }\n});",
                  "err": {},
                  "uuid": "17ce0621-3f97-4d47-a748-b1171428f509",
                  "parentUUID": null,
                  "isHook": false,
                  "skipped": true
                },
                {
                  "title": "should show message when no Max HR data available",
                  "fullTitle": "Athlete Training Zones Empty States should show message when no Max HR data available",
                  "timedOut": null,
                  "duration": 0,
                  "state": "skipped",
                  "speed": null,
                  "pass": false,
                  "fail": false,
                  "pending": false,
                  "context": null,
                  "code": "cy.get('[data-testid=\"athlete-card\"]').first().then(function ($card) {\n    if ($card.length > 0) {\n        cy.wrap($card).find('a, button').filter(':contains(\"Stats\"), :contains(\"Statistiche\")').first().click({ force: true });\n        cy.wait(500);\n        cy.url().then(function (url) {\n            if (url.includes('/stats')) {\n                cy.get('body').then(function ($body) {\n                    var hasMaxHR = $body.text().match(/max hr:\\s*\\d+\\s*bpm/i);\n                    if (!hasMaxHR) {\n                        // Should show empty state message\n                        cy.contains(/no max hr|complete an assessment|nessun dato/i).should('exist');\n                    }\n                });\n            }\n        });\n    }\n});",
                  "err": {},
                  "uuid": "435225af-d85c-4cf9-8e05-ca383babf6c3",
                  "parentUUID": null,
                  "isHook": false,
                  "skipped": true
                }
              ],
              "suites": [],
              "passes": [],
              "failures": [],
              "pending": [],
              "skipped": [
                "17ce0621-3f97-4d47-a748-b1171428f509",
                "435225af-d85c-4cf9-8e05-ca383babf6c3"
              ],
              "duration": 0,
              "root": false,
              "rootEmpty": false,
              "_timeout": 2000
            },
            {
              "uuid": "ef4b59f9-cb2d-4f73-8830-a2555751cdd4",
              "title": "Zones Page Mobile View",
              "fullFile": "",
              "file": "",
              "beforeHooks": [],
              "afterHooks": [],
              "tests": [
                {
                  "title": "should display zones on mobile",
                  "fullTitle": "Athlete Training Zones Zones Page Mobile View should display zones on mobile",
                  "timedOut": null,
                  "duration": 0,
                  "state": "skipped",
                  "speed": null,
                  "pass": false,
                  "fail": false,
                  "pending": false,
                  "context": null,
                  "code": "cy.get('[data-testid=\"athlete-card\"]').first().then(function ($card) {\n    if ($card.length > 0) {\n        cy.wrap($card).find('a, button').filter(':contains(\"Stats\"), :contains(\"Statistiche\")').first().click({ force: true });\n        cy.wait(500);\n        cy.url().then(function (url) {\n            if (url.includes('/stats')) {\n                // Training Zones should be visible on mobile\n                cy.contains(/training zones|zone di allenamento/i).should('exist');\n            }\n        });\n    }\n});",
                  "err": {},
                  "uuid": "e30700c7-c0b0-4952-98dc-356c549a5f2d",
                  "parentUUID": null,
                  "isHook": false,
                  "skipped": true
                },
                {
                  "title": "should display both Power and HR zones tables on mobile",
                  "fullTitle": "Athlete Training Zones Zones Page Mobile View should display both Power and HR zones tables on mobile",
                  "timedOut": null,
                  "duration": 0,
                  "state": "skipped",
                  "speed": null,
                  "pass": false,
                  "fail": false,
                  "pending": false,
                  "context": null,
                  "code": "cy.get('[data-testid=\"athlete-card\"]').first().then(function ($card) {\n    if ($card.length > 0) {\n        cy.wrap($card).find('a, button').filter(':contains(\"Stats\"), :contains(\"Statistiche\")').first().click({ force: true });\n        cy.wait(500);\n        cy.url().then(function (url) {\n            if (url.includes('/stats')) {\n                // Check for both zone sections\n                cy.contains(/power zones|zone potenza/i).should('exist');\n                cy.contains(/hr zones|zone fc/i).should('exist');\n            }\n        });\n    }\n});",
                  "err": {},
                  "uuid": "1d2c0aa9-d39d-4081-9398-acff9e8e96df",
                  "parentUUID": null,
                  "isHook": false,
                  "skipped": true
                }
              ],
              "suites": [],
              "passes": [],
              "failures": [],
              "pending": [],
              "skipped": [
                "e30700c7-c0b0-4952-98dc-356c549a5f2d",
                "1d2c0aa9-d39d-4081-9398-acff9e8e96df"
              ],
              "duration": 0,
              "root": false,
              "rootEmpty": false,
              "_timeout": 2000
            }
          ],
          "passes": [],
          "failures": [],
          "pending": [],
          "skipped": [],
          "duration": 0,
          "root": false,
          "rootEmpty": false,
          "_timeout": 2000
        },
        {
          "uuid": "4f2e6959-5aea-4f18-be33-73c7007e0172",
          "title": "Direct Athlete Stats Page Navigation",
          "fullFile": "",
          "file": "",
          "beforeHooks": [],
          "afterHooks": [],
          "tests": [
            {
              "title": "should load athlete stats page with zones section",
              "fullTitle": "Direct Athlete Stats Page Navigation should load athlete stats page with zones section",
              "timedOut": null,
              "duration": 0,
              "state": "skipped",
              "speed": null,
              "pass": false,
              "fail": false,
              "pending": false,
              "context": null,
              "code": "// Try to navigate directly to an athlete stats page\n// This is a fallback test that doesn't depend on having athletes in the list\ncy.visit('/athlete/test-athlete-id/stats');\ncy.get('body').then(function ($body) {\n    // Should show either the stats page content or a 404/error\n    var hasStatsPage = $body.text().match(/statistics|statistiche|training zones|zone/i);\n    var hasError = $body.text().match(/not found|404|error/i);\n    expect(hasStatsPage || hasError).to.exist;\n});",
              "err": {},
              "uuid": "43670dae-1763-4cc9-9a3e-053b4e4a93f7",
              "parentUUID": null,
              "isHook": false,
              "skipped": true
            }
          ],
          "suites": [],
          "passes": [],
          "failures": [],
          "pending": [],
          "skipped": [
            "43670dae-1763-4cc9-9a3e-053b4e4a93f7"
          ],
          "duration": 0,
          "root": false,
          "rootEmpty": false,
          "_timeout": 2000
        }
      ],
      "passes": [],
      "failures": [],
      "pending": [],
      "skipped": [],
      "duration": 0,
      "root": true,
      "rootEmpty": true,
      "_timeout": 2000
    }
  ],
  "meta": {
    "mocha": {
      "version": "7.2.0"
    },
    "mochawesome": {
      "options": {
        "quiet": false,
        "reportFilename": "mochawesome",
        "saveHtml": true,
        "saveJson": true,
        "consoleReporter": "spec",
        "useInlineDiffs": false,
        "code": true
      },
      "version": "7.1.4"
    },
    "marge": {
      "options": {
        "reportDir": "cypress/reports",
        "overwrite": false,
        "html": true,
        "json": true,
        "timestamp": "mmddyyyy_HHMMss"
      },
      "version": "6.3.2"
    }
  }
}